Using pre-set license
Built from '2021.3/staging' branch; Version is '2021.3.15f1 (e8e88683f834) revision 15263878'; Using compiler version '192829333'; Build Type 'Release'
OS: 'Windows 10  (10.0.19045) 64bit Core' Language: 'en' Physical Memory: 16332 MB
BatchMode: 1, IsHumanControllingUs: 0, StartBugReporterOnCrash: 0, Is64bit: 1, IsPro: 1

COMMAND LINE ARGUMENTS:
C:\Program Files\Unity\Hub\Editor\2021.3.15f1\Editor\Unity.exe
-adb2
-batchMode
-noUpm
-name
AssetImportWorker0
-projectPath
D:/unity_project/My_game
-logFile
Logs/AssetImportWorker0.log
-srvPort
3599
Successfully changed project path to: D:/unity_project/My_game
D:/unity_project/My_game
[UnityMemory] Configuration Parameters - Can be set up in boot.config
    "memorysetup-bucket-allocator-granularity=16"
    "memorysetup-bucket-allocator-bucket-count=8"
    "memorysetup-bucket-allocator-block-size=33554432"
    "memorysetup-bucket-allocator-block-count=8"
    "memorysetup-main-allocator-block-size=16777216"
    "memorysetup-thread-allocator-block-size=16777216"
    "memorysetup-gfx-main-allocator-block-size=16777216"
    "memorysetup-gfx-thread-allocator-block-size=16777216"
    "memorysetup-cache-allocator-block-size=4194304"
    "memorysetup-typetree-allocator-block-size=2097152"
    "memorysetup-profiler-bucket-allocator-granularity=16"
    "memorysetup-profiler-bucket-allocator-bucket-count=8"
    "memorysetup-profiler-bucket-allocator-block-size=33554432"
    "memorysetup-profiler-bucket-allocator-block-count=8"
    "memorysetup-profiler-allocator-block-size=16777216"
    "memorysetup-profiler-editor-allocator-block-size=1048576"
    "memorysetup-temp-allocator-size-main=16777216"
    "memorysetup-job-temp-allocator-block-size=2097152"
    "memorysetup-job-temp-allocator-block-size-background=1048576"
    "memorysetup-job-temp-allocator-reduction-small-platforms=262144"
    "memorysetup-temp-allocator-size-background-worker=32768"
    "memorysetup-temp-allocator-size-job-worker=262144"
    "memorysetup-temp-allocator-size-preload-manager=33554432"
    "memorysetup-temp-allocator-size-nav-mesh-worker=65536"
    "memorysetup-temp-allocator-size-audio-worker=65536"
    "memorysetup-temp-allocator-size-cloud-worker=32768"
    "memorysetup-temp-allocator-size-gi-baking-worker=262144"
    "memorysetup-temp-allocator-size-gfx=262144"
Player connection [9352] Host "[IP] 192.168.1.102 [Port] 0 [Flags] 2 [Guid] 4079138358 [EditorId] 4079138358 [Version] 1048832 [Id] WindowsEditor(7,DESKTOP-5VM1MDD) [Debug] 1 [PackageName] WindowsEditor [ProjectName] Editor" joined multi-casting on [225.0.0.222:54997]...

Player connection [9352] Host "[IP] 192.168.1.102 [Port] 0 [Flags] 2 [Guid] 4079138358 [EditorId] 4079138358 [Version] 1048832 [Id] WindowsEditor(7,DESKTOP-5VM1MDD) [Debug] 1 [PackageName] WindowsEditor [ProjectName] Editor" joined alternative multi-casting on [225.0.0.222:34997]...

Refreshing native plugins compatible for Editor in 88.48 ms, found 4 plugins.
Preloading 0 native plugins for Editor in 0.00 ms.
Initialize engine version: 2021.3.15f1 (e8e88683f834)
[Subsystems] Discovering subsystems at path C:/Program Files/Unity/Hub/Editor/2021.3.15f1/Editor/Data/Resources/UnitySubsystems
[Subsystems] Discovering subsystems at path D:/unity_project/My_game/Assets
GfxDevice: creating device client; threaded=0; jobified=0
Direct3D:
    Version:  Direct3D 11.0 [level 11.1]
    Renderer: NVIDIA GeForce GTX 1660 (ID=0x2184)
    Vendor:   NVIDIA
    VRAM:     5991 MB
    Driver:   31.0.15.1694
Initialize mono
Mono path[0] = 'C:/Program Files/Unity/Hub/Editor/2021.3.15f1/Editor/Data/Managed'
Mono path[1] = 'C:/Program Files/Unity/Hub/Editor/2021.3.15f1/Editor/Data/MonoBleedingEdge/lib/mono/unityjit-win32'
Mono config path = 'C:/Program Files/Unity/Hub/Editor/2021.3.15f1/Editor/Data/MonoBleedingEdge/etc'
Using monoOptions --debugger-agent=transport=dt_socket,embedding=1,server=y,suspend=n,address=127.0.0.1:56884
Begin MonoManager ReloadAssembly
Registering precompiled unity dll's ...
Register platform support module: C:/Program Files/Unity/Hub/Editor/2021.3.15f1/Editor/Data/PlaybackEngines/WindowsStandaloneSupport/UnityEditor.WindowsStandalone.Extensions.dll
Registered in 0.006667 seconds.
Native extension for WindowsStandalone target not found
Refreshing native plugins compatible for Editor in 86.82 ms, found 4 plugins.
Preloading 0 native plugins for Editor in 0.00 ms.
Mono: successfully reloaded assembly
- Completed reload, in  0.574 seconds
Domain Reload Profiling:
	ReloadAssembly (574ms)
		BeginReloadAssembly (67ms)
			ExecutionOrderSort (0ms)
			DisableScriptedObjects (0ms)
			BackupInstance (0ms)
			ReleaseScriptingObjects (0ms)
			CreateAndSetChildDomain (1ms)
		EndReloadAssembly (404ms)
			LoadAssemblies (65ms)
			RebuildTransferFunctionScriptingTraits (0ms)
			SetupTypeCache (90ms)
			ReleaseScriptCaches (0ms)
			RebuildScriptCaches (23ms)
			SetupLoadedEditorAssemblies (245ms)
				LogAssemblyErrors (0ms)
				InitializePlatformSupportModulesInManaged (7ms)
				SetLoadedEditorAssemblies (0ms)
				RefreshPlugins (87ms)
				BeforeProcessingInitializeOnLoad (1ms)
				ProcessInitializeOnLoadAttributes (111ms)
				ProcessInitializeOnLoadMethodAttributes (40ms)
				AfterProcessingInitializeOnLoad (0ms)
				EditorAssembliesLoaded (0ms)
			ExecutionOrderSort2 (0ms)
			AwakeInstancesAfterBackupRestoration (0ms)
Platform modules already initialized, skipping
Registering precompiled user dll's ...
Registered in 0.004613 seconds.
Begin MonoManager ReloadAssembly
Symbol file LoadedFromMemory doesn't match image D:\unity_project\My_game\Library\PackageCache\com.unity.visualscripting@1.7.8\Editor\VisualScripting.Core\Dependencies\YamlDotNet\Unity.VisualScripting.YamlDotNet.dll
Symbol file LoadedFromMemory doesn't match image D:\unity_project\My_game\Library\PackageCache\com.unity.visualscripting@1.7.8\Editor\VisualScripting.Core\Dependencies\DotNetZip\Unity.VisualScripting.IonicZip.dll
Native extension for WindowsStandalone target not found
Refreshing native plugins compatible for Editor in 86.44 ms, found 4 plugins.
Preloading 0 native plugins for Editor in 0.00 ms.
Mono: successfully reloaded assembly
- Completed reload, in  1.018 seconds
Domain Reload Profiling:
	ReloadAssembly (1019ms)
		BeginReloadAssembly (98ms)
			ExecutionOrderSort (0ms)
			DisableScriptedObjects (5ms)
			BackupInstance (0ms)
			ReleaseScriptingObjects (0ms)
			CreateAndSetChildDomain (17ms)
		EndReloadAssembly (814ms)
			LoadAssemblies (73ms)
			RebuildTransferFunctionScriptingTraits (0ms)
			SetupTypeCache (218ms)
			ReleaseScriptCaches (1ms)
			RebuildScriptCaches (51ms)
			SetupLoadedEditorAssemblies (432ms)
				LogAssemblyErrors (0ms)
				InitializePlatformSupportModulesInManaged (4ms)
				SetLoadedEditorAssemblies (0ms)
				RefreshPlugins (87ms)
				BeforeProcessingInitializeOnLoad (86ms)
				ProcessInitializeOnLoadAttributes (206ms)
				ProcessInitializeOnLoadMethodAttributes (40ms)
				AfterProcessingInitializeOnLoad (9ms)
				EditorAssembliesLoaded (0ms)
			ExecutionOrderSort2 (0ms)
			AwakeInstancesAfterBackupRestoration (5ms)
Platform modules already initialized, skipping
========================================================================
Worker process is ready to serve import requests
Launched and connected shader compiler UnityShaderCompiler.exe after 0.05 seconds
Refreshing native plugins compatible for Editor in 0.97 ms, found 4 plugins.
Preloading 0 native plugins for Editor in 0.00 ms.
Unloading 4045 Unused Serialized files (Serialized files now loaded: 0)
Unloading 44 unused Assets / (229.4 KB). Loaded Objects now: 4495.
Memory consumption went from 154.9 MB to 154.6 MB.
Total: 3.376600 ms (FindLiveObjects: 0.357100 ms CreateObjectMapping: 0.103100 ms MarkObjects: 2.754600 ms  DeleteObjects: 0.161000 ms)

AssetImportParameters requested are different than current active one (requested -> active):
  custom:video-decoder-ogg-theora: a1e56fd34408186e4bbccfd4996cb3dc -> 
  custom:container-muxer-webm: aa71ff27fc2769a1b78a27578f13a17b -> 
  custom:container-demuxer-webm: 4f35f7cbe854078d1ac9338744f61a02 -> 
  custom:video-encoder-webm-vp8: eb34c28f22e8b96e1ab97ce403110664 -> 
  custom:audio-encoder-webm-vorbis: bf7c407c2cedff20999df2af8eb42d56 -> 
  custom:framework-win-MediaFoundation: 216162199b28c13a410421893ffa2e32 -> 
  custom:container-demuxer-ogg: 62fdf1f143b41e24485cea50d1cbac27 -> 
  custom:video-decoder-webm-vp8: 9c59270c3fd7afecdb556c50c9e8de78 -> 
  custom:audio-decoder-ogg-vorbis: bf7c407c2cedff20999df2af8eb42d56 -> 
========================================================================
Received Import Request.
  Time since last request: 450232.978837 seconds.
  path: Assets/Forest
  artifactKey: Guid(5b2b3d0fa5b609d4786c61ee1c562a1f) Importer(815301076,1909f56bfc062723c751e8b465ee728b)
Start importing Assets/Forest using Guid(5b2b3d0fa5b609d4786c61ee1c562a1f) Importer(815301076,1909f56bfc062723c751e8b465ee728b)  -> (artifact id: 'e7db8e5f386cdb7d36613bccbace19fe') in 0.010788 seconds 
========================================================================
Received Import Request.
  Time since last request: 0.000029 seconds.
  path: Assets/Forest/Trees.psd
  artifactKey: Guid(01837e0242d3f0a4eb5391ba7cdbe532) Importer(815301076,1909f56bfc062723c751e8b465ee728b)
Start importing Assets/Forest/Trees.psd using Guid(01837e0242d3f0a4eb5391ba7cdbe532) Importer(815301076,1909f56bfc062723c751e8b465ee728b)  -> (artifact id: 'fe5ae35b47c734f7437b622d73f790ec') in 0.272769 seconds 
========================================================================
Received Import Request.
  Time since last request: 685.820460 seconds.
  path: Assets/Forest/PNG
  artifactKey: Guid(f077766d7a26a034ca5d9a62782bfc3f) Importer(815301076,1909f56bfc062723c751e8b465ee728b)
Start importing Assets/Forest/PNG using Guid(f077766d7a26a034ca5d9a62782bfc3f) Importer(815301076,1909f56bfc062723c751e8b465ee728b)  -> (artifact id: 'e48d8324c2a2f967c752940323f357bc') in 0.006714 seconds 
========================================================================
Received Import Request.
  Time since last request: 1.630877 seconds.
  path: Assets/Forest of Illusion Files
  artifactKey: Guid(7735cbe2e6a7a8a40bf3f0822feeecc7) Importer(815301076,1909f56bfc062723c751e8b465ee728b)
Start importing Assets/Forest of Illusion Files using Guid(7735cbe2e6a7a8a40bf3f0822feeecc7) Importer(815301076,1909f56bfc062723c751e8b465ee728b)  -> (artifact id: 'd7848ea0a33dbcef3da9b783d86c4d1c') in 0.006538 seconds 
========================================================================
Received Import Request.
  Time since last request: 1.249499 seconds.
  path: Assets/Forest of Illusion Files/Previews
  artifactKey: Guid(fcdbe953bb28a01438a16a09f5f46ba7) Importer(815301076,1909f56bfc062723c751e8b465ee728b)
Start importing Assets/Forest of Illusion Files/Previews using Guid(fcdbe953bb28a01438a16a09f5f46ba7) Importer(815301076,1909f56bfc062723c751e8b465ee728b)  -> (artifact id: '9095e31bf45cd1e8e427952f99c4a50b') in 0.005384 seconds 
========================================================================
Received Import Request.
  Time since last request: 0.591523 seconds.
  path: Assets/Forest of Illusion Files/Previews/Preview.png
  artifactKey: Guid(c4b5d3adb89b55048bf8ef61d1dfd834) Importer(815301076,1909f56bfc062723c751e8b465ee728b)
Start importing Assets/Forest of Illusion Files/Previews/Preview.png using Guid(c4b5d3adb89b55048bf8ef61d1dfd834) Importer(815301076,1909f56bfc062723c751e8b465ee728b)  -> (artifact id: '5710cda2a44c44679e9397ddfa43f0cd') in 0.060237 seconds 
========================================================================
Received Import Request.
  Time since last request: 0.000017 seconds.
  path: Assets/Forest of Illusion Files/Previews/Previewx3.png
  artifactKey: Guid(abb40f399397bbf41845b1e80b2dc19e) Importer(815301076,1909f56bfc062723c751e8b465ee728b)
Start importing Assets/Forest of Illusion Files/Previews/Previewx3.png using Guid(abb40f399397bbf41845b1e80b2dc19e) Importer(815301076,1909f56bfc062723c751e8b465ee728b)  -> (artifact id: '8e62e0990d818d2b3d5a628ee08fe0bf') in 0.106961 seconds 
========================================================================
Received Import Request.
  Time since last request: 73.026050 seconds.
  path: Assets/Forest of Illusion Files/Layers
  artifactKey: Guid(aa7cccc01f9370f4ab7f37b9dbe5df06) Importer(815301076,1909f56bfc062723c751e8b465ee728b)
Start importing Assets/Forest of Illusion Files/Layers using Guid(aa7cccc01f9370f4ab7f37b9dbe5df06) Importer(815301076,1909f56bfc062723c751e8b465ee728b)  -> (artifact id: 'd3332793c755b5fddef38a7bfdb49754') in 0.006475 seconds 
========================================================================
Received Import Request.
  Time since last request: 0.740391 seconds.
  path: Assets/Forest of Illusion Files/Layers/back.png
  artifactKey: Guid(8e061890c8fdb1e4990c72a8808fe455) Importer(815301076,1909f56bfc062723c751e8b465ee728b)
Start importing Assets/Forest of Illusion Files/Layers/back.png using Guid(8e061890c8fdb1e4990c72a8808fe455) Importer(815301076,1909f56bfc062723c751e8b465ee728b)  -> (artifact id: 'c42d3298c61c758ebf17293602f800e5') in 0.019904 seconds 
========================================================================
Received Import Request.
  Time since last request: 0.000021 seconds.
  path: Assets/Forest of Illusion Files/Layers/tiles.png
  artifactKey: Guid(36c33a919e342bc40a40ce4fee891f1e) Importer(815301076,1909f56bfc062723c751e8b465ee728b)
Start importing Assets/Forest of Illusion Files/Layers/tiles.png using Guid(36c33a919e342bc40a40ce4fee891f1e) Importer(815301076,1909f56bfc062723c751e8b465ee728b)  -> (artifact id: '13ede67e4a5b7d5e55c61de062233716') in 0.018441 seconds 
========================================================================
Received Import Request.
  Time since last request: 0.000025 seconds.
  path: Assets/Forest of Illusion Files/Layers/middle.png
  artifactKey: Guid(7235a8985044f3241a5cb55ac5b6f85b) Importer(815301076,1909f56bfc062723c751e8b465ee728b)
Start importing Assets/Forest of Illusion Files/Layers/middle.png using Guid(7235a8985044f3241a5cb55ac5b6f85b) Importer(815301076,1909f56bfc062723c751e8b465ee728b)  -> (artifact id: 'bd3e6511260718dcfacfca043c44ddc4') in 0.021202 seconds 
========================================================================
Received Import Request.
  Time since last request: 16.255526 seconds.
  path: Assets/Forest of Illusion Files/Layers/tiles.png
  artifactKey: Guid(36c33a919e342bc40a40ce4fee891f1e) Importer(815301076,1909f56bfc062723c751e8b465ee728b)
Start importing Assets/Forest of Illusion Files/Layers/tiles.png using Guid(36c33a919e342bc40a40ce4fee891f1e) Importer(815301076,1909f56bfc062723c751e8b465ee728b)  -> (artifact id: '4b16798fe10eccb118e8ec14172da3a6') in 0.009075 seconds 
========================================================================
Received Import Request.
  Time since last request: 9.797747 seconds.
  path: Assets/Forest of Illusion Files/Layers/tiles.png
  artifactKey: Guid(36c33a919e342bc40a40ce4fee891f1e) Importer(815301076,1909f56bfc062723c751e8b465ee728b)
Start importing Assets/Forest of Illusion Files/Layers/tiles.png using Guid(36c33a919e342bc40a40ce4fee891f1e) Importer(815301076,1909f56bfc062723c751e8b465ee728b)  -> (artifact id: 'a7d42f6d9cf889557e645c6a57f1c3c6') in 0.014846 seconds 
========================================================================
Received Import Request.
  Time since last request: 559.665540 seconds.
  path: Assets/Elementals_fire_knight_FREE_v1.1
  artifactKey: Guid(472f4270bc8e3bf498967a04774bff1e) Importer(815301076,1909f56bfc062723c751e8b465ee728b)
Start importing Assets/Elementals_fire_knight_FREE_v1.1 using Guid(472f4270bc8e3bf498967a04774bff1e) Importer(815301076,1909f56bfc062723c751e8b465ee728b)  -> (artifact id: 'f60b9ae731dd726eb54c0d46a0a06f4f') in 0.007321 seconds 
========================================================================
Received Import Request.
  Time since last request: 1.389020 seconds.
  path: Assets/Elementals_fire_knight_FREE_v1.1/fire_knight.png
  artifactKey: Guid(59db77cdd369d7949a45d16bb18fa381) Importer(815301076,1909f56bfc062723c751e8b465ee728b)
Start importing Assets/Elementals_fire_knight_FREE_v1.1/fire_knight.png using Guid(59db77cdd369d7949a45d16bb18fa381) Importer(815301076,1909f56bfc062723c751e8b465ee728b)  -> (artifact id: '5627e3c2e869b29ce5f7fe01a039c6e3') in 0.023632 seconds 
========================================================================
Received Import Request.
  Time since last request: 3.496787 seconds.
  path: Assets/Elementals_fire_knight_FREE_v1.1/spritesheets
  artifactKey: Guid(6815ac1ce97e75b4fa8d16d4e3edf009) Importer(815301076,1909f56bfc062723c751e8b465ee728b)
Start importing Assets/Elementals_fire_knight_FREE_v1.1/spritesheets using Guid(6815ac1ce97e75b4fa8d16d4e3edf009) Importer(815301076,1909f56bfc062723c751e8b465ee728b)  -> (artifact id: '0234e294cda842dc05f4956c34798a8a') in 0.005629 seconds 
========================================================================
Received Import Request.
  Time since last request: 0.100008 seconds.
  path: Assets/Elementals_fire_knight_FREE_v1.1/spritesheets/fire_FREE_SpriteSheet_288x128.png
  artifactKey: Guid(7c95f9ce49bf5444bb84e2f5d57bd5ca) Importer(815301076,1909f56bfc062723c751e8b465ee728b)
Start importing Assets/Elementals_fire_knight_FREE_v1.1/spritesheets/fire_FREE_SpriteSheet_288x128.png using Guid(7c95f9ce49bf5444bb84e2f5d57bd5ca) Importer(815301076,1909f56bfc062723c751e8b465ee728b)  -> (artifact id: '257e159de577cbdeb11d9bbd5b72be76') in 0.112817 seconds 
========================================================================
Received Import Request.
  Time since last request: 13.307300 seconds.
  path: Assets/Elementals_fire_knight_FREE_v1.1/aseprite
  artifactKey: Guid(e9d836f71c8490d4584a03ca6f3e9456) Importer(815301076,1909f56bfc062723c751e8b465ee728b)
Start importing Assets/Elementals_fire_knight_FREE_v1.1/aseprite using Guid(e9d836f71c8490d4584a03ca6f3e9456) Importer(815301076,1909f56bfc062723c751e8b465ee728b)  -> (artifact id: 'c4928295246bb8a585d7b0376ef641b8') in 0.004965 seconds 
========================================================================
Received Import Request.
  Time since last request: 2.454490 seconds.
  path: Assets/Elementals_fire_knight_FREE_v1.1/gifs
  artifactKey: Guid(e9683007080a9404fad645708403dcb2) Importer(815301076,1909f56bfc062723c751e8b465ee728b)
Start importing Assets/Elementals_fire_knight_FREE_v1.1/gifs using Guid(e9683007080a9404fad645708403dcb2) Importer(815301076,1909f56bfc062723c751e8b465ee728b)  -> (artifact id: 'b5d1b9a7eb64dac3bf53e985e67a7283') in 0.005634 seconds 
========================================================================
Received Import Request.
  Time since last request: 0.060422 seconds.
  path: Assets/Elementals_fire_knight_FREE_v1.1/gifs/00_all_animations_fire_FREE.gif
  artifactKey: Guid(fec6b1649142edf4bb2e7c58dd991444) Importer(815301076,1909f56bfc062723c751e8b465ee728b)
Start importing Assets/Elementals_fire_knight_FREE_v1.1/gifs/00_all_animations_fire_FREE.gif using Guid(fec6b1649142edf4bb2e7c58dd991444) Importer(815301076,1909f56bfc062723c751e8b465ee728b)  -> (artifact id: '77f3474191df3eaf8c1e0cacde64ae69') in 0.036703 seconds 
========================================================================
Received Import Request.
  Time since last request: 0.000017 seconds.
  path: Assets/Elementals_fire_knight_FREE_v1.1/gifs/02_run.gif
  artifactKey: Guid(57e03cdda6fd1ad49bd17b42f47f63ae) Importer(815301076,1909f56bfc062723c751e8b465ee728b)
Start importing Assets/Elementals_fire_knight_FREE_v1.1/gifs/02_run.gif using Guid(57e03cdda6fd1ad49bd17b42f47f63ae) Importer(815301076,1909f56bfc062723c751e8b465ee728b)  -> (artifact id: '117515c65fa9a6ad91b0951cae402444') in 0.025091 seconds 
========================================================================
Received Import Request.
  Time since last request: 0.000017 seconds.
  path: Assets/Elementals_fire_knight_FREE_v1.1/gifs/air_atk_.gif
  artifactKey: Guid(a4849d7cfbb492b44b71a62fab8e888d) Importer(815301076,1909f56bfc062723c751e8b465ee728b)
Start importing Assets/Elementals_fire_knight_FREE_v1.1/gifs/air_atk_.gif using Guid(a4849d7cfbb492b44b71a62fab8e888d) Importer(815301076,1909f56bfc062723c751e8b465ee728b)  -> (artifact id: '408d8a676077bb99d76e9dbaa311661e') in 0.026270 seconds 
========================================================================
Received Import Request.
  Time since last request: 0.000027 seconds.
  path: Assets/Elementals_fire_knight_FREE_v1.1/gifs/03_jump_up.gif
  artifactKey: Guid(fc40a7fdb3ed9c2458d81858a689e71b) Importer(815301076,1909f56bfc062723c751e8b465ee728b)
Start importing Assets/Elementals_fire_knight_FREE_v1.1/gifs/03_jump_up.gif using Guid(fc40a7fdb3ed9c2458d81858a689e71b) Importer(815301076,1909f56bfc062723c751e8b465ee728b)  -> (artifact id: 'b47298b10b61d7221865377b1663c058') in 0.029101 seconds 
========================================================================
Received Import Request.
  Time since last request: 0.000023 seconds.
  path: Assets/Elementals_fire_knight_FREE_v1.1/gifs/03_jump.gif
  artifactKey: Guid(5367fb0a270f5724f8ba84a00d11e99e) Importer(815301076,1909f56bfc062723c751e8b465ee728b)
Start importing Assets/Elementals_fire_knight_FREE_v1.1/gifs/03_jump.gif using Guid(5367fb0a270f5724f8ba84a00d11e99e) Importer(815301076,1909f56bfc062723c751e8b465ee728b)  -> (artifact id: '69f33771cecb0981121a8eee9ca33926') in 0.023311 seconds 
========================================================================
Received Import Request.
  Time since last request: 0.000019 seconds.
  path: Assets/Elementals_fire_knight_FREE_v1.1/gifs/01_idle.gif
  artifactKey: Guid(cf04bc46fe614a147bc6bb77f2b174a5) Importer(815301076,1909f56bfc062723c751e8b465ee728b)
Start importing Assets/Elementals_fire_knight_FREE_v1.1/gifs/01_idle.gif using Guid(cf04bc46fe614a147bc6bb77f2b174a5) Importer(815301076,1909f56bfc062723c751e8b465ee728b)  -> (artifact id: '20ea8dfc3780dc3a8ec6a44c7e83ac79') in 0.024802 seconds 
========================================================================
Received Import Request.
  Time since last request: 0.000031 seconds.
  path: Assets/Elementals_fire_knight_FREE_v1.1/gifs/05_1_atk.gif
  artifactKey: Guid(43ef2893d8136414c8a5e298d2cf0b47) Importer(815301076,1909f56bfc062723c751e8b465ee728b)
Start importing Assets/Elementals_fire_knight_FREE_v1.1/gifs/05_1_atk.gif using Guid(43ef2893d8136414c8a5e298d2cf0b47) Importer(815301076,1909f56bfc062723c751e8b465ee728b)  -> (artifact id: '352ee0c4ae52bce43de71ab8bb9eea74') in 0.032885 seconds 
========================================================================
Received Import Request.
  Time since last request: 0.000030 seconds.
  path: Assets/Elementals_fire_knight_FREE_v1.1/gifs/03_jump_down.gif
  artifactKey: Guid(956f694e06e68d74f9fee527f6c41d59) Importer(815301076,1909f56bfc062723c751e8b465ee728b)
Start importing Assets/Elementals_fire_knight_FREE_v1.1/gifs/03_jump_down.gif using Guid(956f694e06e68d74f9fee527f6c41d59) Importer(815301076,1909f56bfc062723c751e8b465ee728b)  -> (artifact id: '0b2dc433a73305ed94f158b1e6f6c176') in 0.028809 seconds 
========================================================================
Received Import Request.
  Time since last request: 0.000022 seconds.
  path: Assets/Elementals_fire_knight_FREE_v1.1/gifs/11_death.gif
  artifactKey: Guid(a02385455030e584d8828b00273f96bf) Importer(815301076,1909f56bfc062723c751e8b465ee728b)
Start importing Assets/Elementals_fire_knight_FREE_v1.1/gifs/11_death.gif using Guid(a02385455030e584d8828b00273f96bf) Importer(815301076,1909f56bfc062723c751e8b465ee728b)  -> (artifact id: '3da833e0fd643ad80315d48a8b088e8e') in 0.026609 seconds 
========================================================================
Received Import Request.
  Time since last request: 0.000025 seconds.
  path: Assets/Elementals_fire_knight_FREE_v1.1/gifs/air_atk_sample.gif
  artifactKey: Guid(fbc7af623bdd03e4c90781f6d78c3d89) Importer(815301076,1909f56bfc062723c751e8b465ee728b)
Start importing Assets/Elementals_fire_knight_FREE_v1.1/gifs/air_atk_sample.gif using Guid(fbc7af623bdd03e4c90781f6d78c3d89) Importer(815301076,1909f56bfc062723c751e8b465ee728b)  -> (artifact id: '0e3203503eb0cd84dd35ceef22b04cc1') in 0.029557 seconds 
========================================================================
Received Import Request.
  Time since last request: 0.000023 seconds.
  path: Assets/Elementals_fire_knight_FREE_v1.1/gifs/08_sp_atk.gif
  artifactKey: Guid(84eb14d6b18f5764e901c71583efeaa5) Importer(815301076,1909f56bfc062723c751e8b465ee728b)
Start importing Assets/Elementals_fire_knight_FREE_v1.1/gifs/08_sp_atk.gif using Guid(84eb14d6b18f5764e901c71583efeaa5) Importer(815301076,1909f56bfc062723c751e8b465ee728b)  -> (artifact id: '98888a9a22af3de12b53a471fa72e5c2') in 0.029457 seconds 
========================================================================
Received Import Request.
  Time since last request: 0.000023 seconds.
  path: Assets/Elementals_fire_knight_FREE_v1.1/gifs/10_take_hit.gif
  artifactKey: Guid(75875d6457d96fc418293b93f4d0da14) Importer(815301076,1909f56bfc062723c751e8b465ee728b)
Start importing Assets/Elementals_fire_knight_FREE_v1.1/gifs/10_take_hit.gif using Guid(75875d6457d96fc418293b93f4d0da14) Importer(815301076,1909f56bfc062723c751e8b465ee728b)  -> (artifact id: 'fccb595fb882882646dff6c2307fd022') in 0.029812 seconds 
========================================================================
Received Import Request.
  Time since last request: 0.000021 seconds.
  path: Assets/Elementals_fire_knight_FREE_v1.1/gifs/04_roll.gif
  artifactKey: Guid(0ded83f7c2160f846a92bf3c9ef64729) Importer(815301076,1909f56bfc062723c751e8b465ee728b)
Start importing Assets/Elementals_fire_knight_FREE_v1.1/gifs/04_roll.gif using Guid(0ded83f7c2160f846a92bf3c9ef64729) Importer(815301076,1909f56bfc062723c751e8b465ee728b)  -> (artifact id: '4859aeed22eded20909c74201b4f12fb') in 0.035348 seconds 
========================================================================
Received Import Request.
  Time since last request: 0.000026 seconds.
  path: Assets/Elementals_fire_knight_FREE_v1.1/gifs/06_2_atk.gif
  artifactKey: Guid(47700a6020898fb4b830b4186c611974) Importer(815301076,1909f56bfc062723c751e8b465ee728b)
Start importing Assets/Elementals_fire_knight_FREE_v1.1/gifs/06_2_atk.gif using Guid(47700a6020898fb4b830b4186c611974) Importer(815301076,1909f56bfc062723c751e8b465ee728b)  -> (artifact id: '232a5c17c1cd27a0f35c384a846f4bb5') in 0.024167 seconds 
========================================================================
Received Import Request.
  Time since last request: 0.000024 seconds.
  path: Assets/Elementals_fire_knight_FREE_v1.1/gifs/07_3_atk.gif
  artifactKey: Guid(f94850eed71526e4698d0460e456190e) Importer(815301076,1909f56bfc062723c751e8b465ee728b)
Start importing Assets/Elementals_fire_knight_FREE_v1.1/gifs/07_3_atk.gif using Guid(f94850eed71526e4698d0460e456190e) Importer(815301076,1909f56bfc062723c751e8b465ee728b)  -> (artifact id: 'bb320fba054de3f32f2269b5e2de077a') in 0.023096 seconds 
========================================================================
Received Import Request.
  Time since last request: 0.000032 seconds.
  path: Assets/Elementals_fire_knight_FREE_v1.1/gifs/09_defend.gif
  artifactKey: Guid(3955cef8222465740bf2e74af7b150f1) Importer(815301076,1909f56bfc062723c751e8b465ee728b)
Start importing Assets/Elementals_fire_knight_FREE_v1.1/gifs/09_defend.gif using Guid(3955cef8222465740bf2e74af7b150f1) Importer(815301076,1909f56bfc062723c751e8b465ee728b)  -> (artifact id: 'da03b45288b21ff6849196d3052a1bf9') in 0.025593 seconds 
========================================================================
Received Import Request.
  Time since last request: 8.946302 seconds.
  path: Assets/Elementals_fire_knight_FREE_v1.1/png
  artifactKey: Guid(5e8bb32a270785943b4a91fcab079960) Importer(815301076,1909f56bfc062723c751e8b465ee728b)
Start importing Assets/Elementals_fire_knight_FREE_v1.1/png using Guid(5e8bb32a270785943b4a91fcab079960) Importer(815301076,1909f56bfc062723c751e8b465ee728b)  -> (artifact id: 'c482a1955581161d8ceb8e97cf4380c1') in 0.004898 seconds 
========================================================================
Received Import Request.
  Time since last request: 1.084189 seconds.
  path: Assets/Elementals_fire_knight_FREE_v1.1/png/fire_knight
  artifactKey: Guid(b5cc4f194db6bd247909a9e076915f84) Importer(815301076,1909f56bfc062723c751e8b465ee728b)
Start importing Assets/Elementals_fire_knight_FREE_v1.1/png/fire_knight using Guid(b5cc4f194db6bd247909a9e076915f84) Importer(815301076,1909f56bfc062723c751e8b465ee728b)  -> (artifact id: '11ed301728ab47dfe074363b03afc6a3') in 0.002148 seconds 
========================================================================
Received Import Request.
  Time since last request: 1.962839 seconds.
  path: Assets/Elementals_fire_knight_FREE_v1.1/png/fire_knight/01_idle
  artifactKey: Guid(2a2261f5c91102b48abe46fe419b132b) Importer(815301076,1909f56bfc062723c751e8b465ee728b)
Start importing Assets/Elementals_fire_knight_FREE_v1.1/png/fire_knight/01_idle using Guid(2a2261f5c91102b48abe46fe419b132b) Importer(815301076,1909f56bfc062723c751e8b465ee728b)  -> (artifact id: '69e2063e4f707a213a41906b4f395fbc') in 0.001661 seconds 
========================================================================
Received Import Request.
  Time since last request: 0.068383 seconds.
  path: Assets/Elementals_fire_knight_FREE_v1.1/png/fire_knight/01_idle/idle_1.png
  artifactKey: Guid(861979b17e5dd1b40a7bc0631576bfce) Importer(815301076,1909f56bfc062723c751e8b465ee728b)
Start importing Assets/Elementals_fire_knight_FREE_v1.1/png/fire_knight/01_idle/idle_1.png using Guid(861979b17e5dd1b40a7bc0631576bfce) Importer(815301076,1909f56bfc062723c751e8b465ee728b)  -> (artifact id: 'a285c42b731a5cd9b4961d80fe126f41') in 0.016882 seconds 
========================================================================
Received Import Request.
  Time since last request: 0.000018 seconds.
  path: Assets/Elementals_fire_knight_FREE_v1.1/png/fire_knight/01_idle/idle_2.png
  artifactKey: Guid(84ddefd516ed379468e489c9fcc88138) Importer(815301076,1909f56bfc062723c751e8b465ee728b)
Start importing Assets/Elementals_fire_knight_FREE_v1.1/png/fire_knight/01_idle/idle_2.png using Guid(84ddefd516ed379468e489c9fcc88138) Importer(815301076,1909f56bfc062723c751e8b465ee728b)  -> (artifact id: '6e6e5b5db1ade1dc5cb012f64f3dd60a') in 0.013975 seconds 
========================================================================
Received Import Request.
  Time since last request: 0.000032 seconds.
  path: Assets/Elementals_fire_knight_FREE_v1.1/png/fire_knight/01_idle/idle_6.png
  artifactKey: Guid(0790d82295dd7044fbba96b852286404) Importer(815301076,1909f56bfc062723c751e8b465ee728b)
Start importing Assets/Elementals_fire_knight_FREE_v1.1/png/fire_knight/01_idle/idle_6.png using Guid(0790d82295dd7044fbba96b852286404) Importer(815301076,1909f56bfc062723c751e8b465ee728b)  -> (artifact id: '6ed34a5b761f72efec1756a73a9054c0') in 0.013916 seconds 
========================================================================
Received Import Request.
  Time since last request: 0.000038 seconds.
  path: Assets/Elementals_fire_knight_FREE_v1.1/png/fire_knight/01_idle/idle_4.png
  artifactKey: Guid(5a4d4e57844f32443aa0b82589bb4551) Importer(815301076,1909f56bfc062723c751e8b465ee728b)
Start importing Assets/Elementals_fire_knight_FREE_v1.1/png/fire_knight/01_idle/idle_4.png using Guid(5a4d4e57844f32443aa0b82589bb4551) Importer(815301076,1909f56bfc062723c751e8b465ee728b)  -> (artifact id: 'b766d446d93063e4946f032fa2b73e3e') in 0.014780 seconds 
========================================================================
Received Import Request.
  Time since last request: 0.000020 seconds.
  path: Assets/Elementals_fire_knight_FREE_v1.1/png/fire_knight/01_idle/idle_3.png
  artifactKey: Guid(eac7d939580b67443bea26c16c62cdc2) Importer(815301076,1909f56bfc062723c751e8b465ee728b)
Start importing Assets/Elementals_fire_knight_FREE_v1.1/png/fire_knight/01_idle/idle_3.png using Guid(eac7d939580b67443bea26c16c62cdc2) Importer(815301076,1909f56bfc062723c751e8b465ee728b)  -> (artifact id: '814481de191d64fc432b2cfff978f553') in 0.019168 seconds 
========================================================================
Received Import Request.
  Time since last request: 0.000022 seconds.
  path: Assets/Elementals_fire_knight_FREE_v1.1/png/fire_knight/01_idle/idle_8.png
  artifactKey: Guid(7299e30b672344743b736eea18d9526f) Importer(815301076,1909f56bfc062723c751e8b465ee728b)
Start importing Assets/Elementals_fire_knight_FREE_v1.1/png/fire_knight/01_idle/idle_8.png using Guid(7299e30b672344743b736eea18d9526f) Importer(815301076,1909f56bfc062723c751e8b465ee728b)  -> (artifact id: 'd64a3c6a1935287d5b544274c217799d') in 0.015400 seconds 
========================================================================
Received Import Request.
  Time since last request: 0.000030 seconds.
  path: Assets/Elementals_fire_knight_FREE_v1.1/png/fire_knight/01_idle/idle_7.png
  artifactKey: Guid(5bf4fd2c337eb6a479bd97a8428cb0f4) Importer(815301076,1909f56bfc062723c751e8b465ee728b)
Start importing Assets/Elementals_fire_knight_FREE_v1.1/png/fire_knight/01_idle/idle_7.png using Guid(5bf4fd2c337eb6a479bd97a8428cb0f4) Importer(815301076,1909f56bfc062723c751e8b465ee728b)  -> (artifact id: '0ac9da098bea9af24dfc20db6c490ee6') in 0.015883 seconds 
========================================================================
Received Import Request.
  Time since last request: 0.000019 seconds.
  path: Assets/Elementals_fire_knight_FREE_v1.1/png/fire_knight/01_idle/idle_5.png
  artifactKey: Guid(39cb2d53f5eb9f94da2d2c28adc82556) Importer(815301076,1909f56bfc062723c751e8b465ee728b)
Start importing Assets/Elementals_fire_knight_FREE_v1.1/png/fire_knight/01_idle/idle_5.png using Guid(39cb2d53f5eb9f94da2d2c28adc82556) Importer(815301076,1909f56bfc062723c751e8b465ee728b)  -> (artifact id: '4ea8002ac8d47703c2f4065899dbadf8') in 0.018810 seconds 
========================================================================
Received Prepare
Registering precompiled user dll's ...
Registered in 0.004194 seconds.
Begin MonoManager ReloadAssembly
Symbol file LoadedFromMemory doesn't match image D:\unity_project\My_game\Library\PackageCache\com.unity.visualscripting@1.7.8\Editor\VisualScripting.Core\Dependencies\YamlDotNet\Unity.VisualScripting.YamlDotNet.dll
Symbol file LoadedFromMemory doesn't match image D:\unity_project\My_game\Library\PackageCache\com.unity.visualscripting@1.7.8\Editor\VisualScripting.Core\Dependencies\DotNetZip\Unity.VisualScripting.IonicZip.dll
Native extension for WindowsStandalone target not found
Refreshing native plugins compatible for Editor in 0.89 ms, found 4 plugins.
Preloading 0 native plugins for Editor in 0.00 ms.
Mono: successfully reloaded assembly
- Completed reload, in  0.963 seconds
Domain Reload Profiling:
	ReloadAssembly (963ms)
		BeginReloadAssembly (130ms)
			ExecutionOrderSort (0ms)
			DisableScriptedObjects (6ms)
			BackupInstance (0ms)
			ReleaseScriptingObjects (0ms)
			CreateAndSetChildDomain (39ms)
		EndReloadAssembly (732ms)
			LoadAssemblies (78ms)
			RebuildTransferFunctionScriptingTraits (0ms)
			SetupTypeCache (234ms)
			ReleaseScriptCaches (2ms)
			RebuildScriptCaches (43ms)
			SetupLoadedEditorAssemblies (335ms)
				LogAssemblyErrors (0ms)
				InitializePlatformSupportModulesInManaged (12ms)
				SetLoadedEditorAssemblies (0ms)
				RefreshPlugins (1ms)
				BeforeProcessingInitializeOnLoad (69ms)
				ProcessInitializeOnLoadAttributes (204ms)
				ProcessInitializeOnLoadMethodAttributes (41ms)
				AfterProcessingInitializeOnLoad (8ms)
				EditorAssembliesLoaded (0ms)
			ExecutionOrderSort2 (0ms)
			AwakeInstancesAfterBackupRestoration (8ms)
Platform modules already initialized, skipping
Refreshing native plugins compatible for Editor in 2.06 ms, found 4 plugins.
Preloading 0 native plugins for Editor in 0.00 ms.
Unloading 4040 Unused Serialized files (Serialized files now loaded: 0)
Unloading 31 unused Assets / (195.9 KB). Loaded Objects now: 4533.
Memory consumption went from 159.2 MB to 159.0 MB.
Total: 3.489200 ms (FindLiveObjects: 0.359600 ms CreateObjectMapping: 0.092300 ms MarkObjects: 2.868500 ms  DeleteObjects: 0.167600 ms)

AssetImportParameters requested are different than current active one (requested -> active):
  custom:video-decoder-ogg-theora: a1e56fd34408186e4bbccfd4996cb3dc -> 
  custom:container-muxer-webm: aa71ff27fc2769a1b78a27578f13a17b -> 
  custom:container-demuxer-webm: 4f35f7cbe854078d1ac9338744f61a02 -> 
  custom:video-encoder-webm-vp8: eb34c28f22e8b96e1ab97ce403110664 -> 
  custom:audio-encoder-webm-vorbis: bf7c407c2cedff20999df2af8eb42d56 -> 
  custom:framework-win-MediaFoundation: 216162199b28c13a410421893ffa2e32 -> 
  custom:container-demuxer-ogg: 62fdf1f143b41e24485cea50d1cbac27 -> 
  custom:video-decoder-webm-vp8: 9c59270c3fd7afecdb556c50c9e8de78 -> 
  custom:audio-decoder-ogg-vorbis: bf7c407c2cedff20999df2af8eb42d56 -> 
========================================================================
Received Prepare
Registering precompiled user dll's ...
Registered in 0.004400 seconds.
Begin MonoManager ReloadAssembly
Symbol file LoadedFromMemory doesn't match image D:\unity_project\My_game\Library\PackageCache\com.unity.visualscripting@1.7.8\Editor\VisualScripting.Core\Dependencies\YamlDotNet\Unity.VisualScripting.YamlDotNet.dll
Symbol file LoadedFromMemory doesn't match image D:\unity_project\My_game\Library\PackageCache\com.unity.visualscripting@1.7.8\Editor\VisualScripting.Core\Dependencies\DotNetZip\Unity.VisualScripting.IonicZip.dll
Native extension for WindowsStandalone target not found
Refreshing native plugins compatible for Editor in 0.86 ms, found 4 plugins.
Preloading 0 native plugins for Editor in 0.00 ms.
Mono: successfully reloaded assembly
- Completed reload, in  0.930 seconds
Domain Reload Profiling:
	ReloadAssembly (931ms)
		BeginReloadAssembly (120ms)
			ExecutionOrderSort (0ms)
			DisableScriptedObjects (7ms)
			BackupInstance (0ms)
			ReleaseScriptingObjects (0ms)
			CreateAndSetChildDomain (34ms)
		EndReloadAssembly (714ms)
			LoadAssemblies (76ms)
			RebuildTransferFunctionScriptingTraits (0ms)
			SetupTypeCache (222ms)
			ReleaseScriptCaches (2ms)
			RebuildScriptCaches (41ms)
			SetupLoadedEditorAssemblies (328ms)
				LogAssemblyErrors (0ms)
				InitializePlatformSupportModulesInManaged (13ms)
				SetLoadedEditorAssemblies (0ms)
				RefreshPlugins (1ms)
				BeforeProcessingInitializeOnLoad (72ms)
				ProcessInitializeOnLoadAttributes (197ms)
				ProcessInitializeOnLoadMethodAttributes (37ms)
				AfterProcessingInitializeOnLoad (8ms)
				EditorAssembliesLoaded (0ms)
			ExecutionOrderSort2 (0ms)
			AwakeInstancesAfterBackupRestoration (8ms)
Platform modules already initialized, skipping
Refreshing native plugins compatible for Editor in 2.13 ms, found 4 plugins.
Preloading 0 native plugins for Editor in 0.00 ms.
Unloading 4040 Unused Serialized files (Serialized files now loaded: 0)
Unloading 31 unused Assets / (195.8 KB). Loaded Objects now: 4536.
Memory consumption went from 159.2 MB to 159.1 MB.
Total: 3.330800 ms (FindLiveObjects: 0.379400 ms CreateObjectMapping: 0.117300 ms MarkObjects: 2.674500 ms  DeleteObjects: 0.158600 ms)

AssetImportParameters requested are different than current active one (requested -> active):
  custom:video-decoder-ogg-theora: a1e56fd34408186e4bbccfd4996cb3dc -> 
  custom:container-muxer-webm: aa71ff27fc2769a1b78a27578f13a17b -> 
  custom:container-demuxer-webm: 4f35f7cbe854078d1ac9338744f61a02 -> 
  custom:video-encoder-webm-vp8: eb34c28f22e8b96e1ab97ce403110664 -> 
  custom:audio-encoder-webm-vorbis: bf7c407c2cedff20999df2af8eb42d56 -> 
  custom:framework-win-MediaFoundation: 216162199b28c13a410421893ffa2e32 -> 
  custom:container-demuxer-ogg: 62fdf1f143b41e24485cea50d1cbac27 -> 
  custom:video-decoder-webm-vp8: 9c59270c3fd7afecdb556c50c9e8de78 -> 
  custom:audio-decoder-ogg-vorbis: bf7c407c2cedff20999df2af8eb42d56 -> 
========================================================================
Received Prepare
Registering precompiled user dll's ...
Registered in 0.004494 seconds.
Begin MonoManager ReloadAssembly
Symbol file LoadedFromMemory doesn't match image D:\unity_project\My_game\Library\PackageCache\com.unity.visualscripting@1.7.8\Editor\VisualScripting.Core\Dependencies\YamlDotNet\Unity.VisualScripting.YamlDotNet.dll
Symbol file LoadedFromMemory doesn't match image D:\unity_project\My_game\Library\PackageCache\com.unity.visualscripting@1.7.8\Editor\VisualScripting.Core\Dependencies\DotNetZip\Unity.VisualScripting.IonicZip.dll
Native extension for WindowsStandalone target not found
Refreshing native plugins compatible for Editor in 1.02 ms, found 4 plugins.
Preloading 0 native plugins for Editor in 0.00 ms.
Mono: successfully reloaded assembly
- Completed reload, in  0.921 seconds
Domain Reload Profiling:
	ReloadAssembly (922ms)
		BeginReloadAssembly (119ms)
			ExecutionOrderSort (0ms)
			DisableScriptedObjects (6ms)
			BackupInstance (0ms)
			ReleaseScriptingObjects (0ms)
			CreateAndSetChildDomain (33ms)
		EndReloadAssembly (707ms)
			LoadAssemblies (75ms)
			RebuildTransferFunctionScriptingTraits (0ms)
			SetupTypeCache (222ms)
			ReleaseScriptCaches (2ms)
			RebuildScriptCaches (44ms)
			SetupLoadedEditorAssemblies (321ms)
				LogAssemblyErrors (0ms)
				InitializePlatformSupportModulesInManaged (13ms)
				SetLoadedEditorAssemblies (0ms)
				RefreshPlugins (1ms)
				BeforeProcessingInitializeOnLoad (69ms)
				ProcessInitializeOnLoadAttributes (195ms)
				ProcessInitializeOnLoadMethodAttributes (34ms)
				AfterProcessingInitializeOnLoad (8ms)
				EditorAssembliesLoaded (0ms)
			ExecutionOrderSort2 (0ms)
			AwakeInstancesAfterBackupRestoration (7ms)
Platform modules already initialized, skipping
Refreshing native plugins compatible for Editor in 2.18 ms, found 4 plugins.
Preloading 0 native plugins for Editor in 0.00 ms.
Unloading 4040 Unused Serialized files (Serialized files now loaded: 0)
Unloading 31 unused Assets / (196.5 KB). Loaded Objects now: 4539.
Memory consumption went from 159.3 MB to 159.1 MB.
Total: 3.338800 ms (FindLiveObjects: 0.412500 ms CreateObjectMapping: 0.091000 ms MarkObjects: 2.690200 ms  DeleteObjects: 0.144100 ms)

AssetImportParameters requested are different than current active one (requested -> active):
  custom:video-decoder-ogg-theora: a1e56fd34408186e4bbccfd4996cb3dc -> 
  custom:container-muxer-webm: aa71ff27fc2769a1b78a27578f13a17b -> 
  custom:container-demuxer-webm: 4f35f7cbe854078d1ac9338744f61a02 -> 
  custom:video-encoder-webm-vp8: eb34c28f22e8b96e1ab97ce403110664 -> 
  custom:audio-encoder-webm-vorbis: bf7c407c2cedff20999df2af8eb42d56 -> 
  custom:framework-win-MediaFoundation: 216162199b28c13a410421893ffa2e32 -> 
  custom:container-demuxer-ogg: 62fdf1f143b41e24485cea50d1cbac27 -> 
  custom:video-decoder-webm-vp8: 9c59270c3fd7afecdb556c50c9e8de78 -> 
  custom:audio-decoder-ogg-vorbis: bf7c407c2cedff20999df2af8eb42d56 -> 
========================================================================
Received Import Request.
  Time since last request: 340.400975 seconds.
  path: Assets
  artifactKey: Guid(00000000000000001000000000000000) Importer(815301076,1909f56bfc062723c751e8b465ee728b)
Start importing Assets using Guid(00000000000000001000000000000000) Importer(815301076,1909f56bfc062723c751e8b465ee728b)  -> (artifact id: '79842766b460edbeab6a34051e857a80') in 0.013009 seconds 
========================================================================
Received Import Request.
  Time since last request: 28.889109 seconds.
  path: Assets/Scenes
  artifactKey: Guid(131a6b21c8605f84396be9f6751fb6e3) Importer(815301076,1909f56bfc062723c751e8b465ee728b)
Start importing Assets/Scenes using Guid(131a6b21c8605f84396be9f6751fb6e3) Importer(815301076,1909f56bfc062723c751e8b465ee728b)  -> (artifact id: '2c23e514d24f6b65fe96946cd87fc526') in 0.005376 seconds 
========================================================================
Received Import Request.
  Time since last request: 267.998231 seconds.
  path: Assets/player_ani 1.controller
  artifactKey: Guid(ff7126898fdc597409064ad92131fe43) Importer(815301076,1909f56bfc062723c751e8b465ee728b)
Start importing Assets/player_ani 1.controller using Guid(ff7126898fdc597409064ad92131fe43) Importer(815301076,1909f56bfc062723c751e8b465ee728b)  -> (artifact id: '8aa233de0d08f6ee40e5d5cabf6c28aa') in 0.017163 seconds 
========================================================================
Received Prepare
Registering precompiled user dll's ...
Registered in 0.004227 seconds.
Begin MonoManager ReloadAssembly
Symbol file LoadedFromMemory doesn't match image D:\unity_project\My_game\Library\PackageCache\com.unity.visualscripting@1.7.8\Editor\VisualScripting.Core\Dependencies\YamlDotNet\Unity.VisualScripting.YamlDotNet.dll
Symbol file LoadedFromMemory doesn't match image D:\unity_project\My_game\Library\PackageCache\com.unity.visualscripting@1.7.8\Editor\VisualScripting.Core\Dependencies\DotNetZip\Unity.VisualScripting.IonicZip.dll
Native extension for WindowsStandalone target not found
Refreshing native plugins compatible for Editor in 1.07 ms, found 4 plugins.
Preloading 0 native plugins for Editor in 0.00 ms.
Mono: successfully reloaded assembly
- Completed reload, in  0.923 seconds
Domain Reload Profiling:
	ReloadAssembly (923ms)
		BeginReloadAssembly (120ms)
			ExecutionOrderSort (0ms)
			DisableScriptedObjects (6ms)
			BackupInstance (0ms)
			ReleaseScriptingObjects (0ms)
			CreateAndSetChildDomain (35ms)
		EndReloadAssembly (711ms)
			LoadAssemblies (73ms)
			RebuildTransferFunctionScriptingTraits (0ms)
			SetupTypeCache (225ms)
			ReleaseScriptCaches (2ms)
			RebuildScriptCaches (41ms)
			SetupLoadedEditorAssemblies (326ms)
				LogAssemblyErrors (0ms)
				InitializePlatformSupportModulesInManaged (12ms)
				SetLoadedEditorAssemblies (0ms)
				RefreshPlugins (1ms)
				BeforeProcessingInitializeOnLoad (69ms)
				ProcessInitializeOnLoadAttributes (200ms)
				ProcessInitializeOnLoadMethodAttributes (35ms)
				AfterProcessingInitializeOnLoad (8ms)
				EditorAssembliesLoaded (0ms)
			ExecutionOrderSort2 (0ms)
			AwakeInstancesAfterBackupRestoration (9ms)
Platform modules already initialized, skipping
Refreshing native plugins compatible for Editor in 2.20 ms, found 4 plugins.
Preloading 0 native plugins for Editor in 0.00 ms.
Unloading 4040 Unused Serialized files (Serialized files now loaded: 0)
Unloading 31 unused Assets / (195.4 KB). Loaded Objects now: 4542.
Memory consumption went from 159.3 MB to 159.1 MB.
Total: 3.372900 ms (FindLiveObjects: 0.371600 ms CreateObjectMapping: 0.091700 ms MarkObjects: 2.749200 ms  DeleteObjects: 0.159600 ms)

AssetImportParameters requested are different than current active one (requested -> active):
  custom:video-decoder-ogg-theora: a1e56fd34408186e4bbccfd4996cb3dc -> 
  custom:container-muxer-webm: aa71ff27fc2769a1b78a27578f13a17b -> 
  custom:container-demuxer-webm: 4f35f7cbe854078d1ac9338744f61a02 -> 
  custom:video-encoder-webm-vp8: eb34c28f22e8b96e1ab97ce403110664 -> 
  custom:audio-encoder-webm-vorbis: bf7c407c2cedff20999df2af8eb42d56 -> 
  custom:framework-win-MediaFoundation: 216162199b28c13a410421893ffa2e32 -> 
  custom:container-demuxer-ogg: 62fdf1f143b41e24485cea50d1cbac27 -> 
  custom:video-decoder-webm-vp8: 9c59270c3fd7afecdb556c50c9e8de78 -> 
  custom:audio-decoder-ogg-vorbis: bf7c407c2cedff20999df2af8eb42d56 -> 
========================================================================
Received Prepare
Registering precompiled user dll's ...
Registered in 0.004219 seconds.
Begin MonoManager ReloadAssembly
Symbol file LoadedFromMemory doesn't match image D:\unity_project\My_game\Library\PackageCache\com.unity.visualscripting@1.7.8\Editor\VisualScripting.Core\Dependencies\YamlDotNet\Unity.VisualScripting.YamlDotNet.dll
Symbol file LoadedFromMemory doesn't match image D:\unity_project\My_game\Library\PackageCache\com.unity.visualscripting@1.7.8\Editor\VisualScripting.Core\Dependencies\DotNetZip\Unity.VisualScripting.IonicZip.dll
Native extension for WindowsStandalone target not found
Refreshing native plugins compatible for Editor in 0.88 ms, found 4 plugins.
Preloading 0 native plugins for Editor in 0.00 ms.
Mono: successfully reloaded assembly
- Completed reload, in  0.924 seconds
Domain Reload Profiling:
	ReloadAssembly (925ms)
		BeginReloadAssembly (118ms)
			ExecutionOrderSort (0ms)
			DisableScriptedObjects (6ms)
			BackupInstance (0ms)
			ReleaseScriptingObjects (0ms)
			CreateAndSetChildDomain (34ms)
		EndReloadAssembly (710ms)
			LoadAssemblies (74ms)
			RebuildTransferFunctionScriptingTraits (0ms)
			SetupTypeCache (221ms)
			ReleaseScriptCaches (2ms)
			RebuildScriptCaches (42ms)
			SetupLoadedEditorAssemblies (327ms)
				LogAssemblyErrors (0ms)
				InitializePlatformSupportModulesInManaged (12ms)
				SetLoadedEditorAssemblies (0ms)
				RefreshPlugins (1ms)
				BeforeProcessingInitializeOnLoad (73ms)
				ProcessInitializeOnLoadAttributes (194ms)
				ProcessInitializeOnLoadMethodAttributes (38ms)
				AfterProcessingInitializeOnLoad (8ms)
				EditorAssembliesLoaded (0ms)
			ExecutionOrderSort2 (0ms)
			AwakeInstancesAfterBackupRestoration (8ms)
Platform modules already initialized, skipping
Refreshing native plugins compatible for Editor in 2.82 ms, found 4 plugins.
Preloading 0 native plugins for Editor in 0.00 ms.
Unloading 4040 Unused Serialized files (Serialized files now loaded: 0)
Unloading 31 unused Assets / (195.4 KB). Loaded Objects now: 4545.
Memory consumption went from 159.3 MB to 159.1 MB.
Total: 3.538900 ms (FindLiveObjects: 0.390300 ms CreateObjectMapping: 0.095200 ms MarkObjects: 2.863300 ms  DeleteObjects: 0.188600 ms)

AssetImportParameters requested are different than current active one (requested -> active):
  custom:video-decoder-ogg-theora: a1e56fd34408186e4bbccfd4996cb3dc -> 
  custom:container-muxer-webm: aa71ff27fc2769a1b78a27578f13a17b -> 
  custom:container-demuxer-webm: 4f35f7cbe854078d1ac9338744f61a02 -> 
  custom:video-encoder-webm-vp8: eb34c28f22e8b96e1ab97ce403110664 -> 
  custom:audio-encoder-webm-vorbis: bf7c407c2cedff20999df2af8eb42d56 -> 
  custom:framework-win-MediaFoundation: 216162199b28c13a410421893ffa2e32 -> 
  custom:container-demuxer-ogg: 62fdf1f143b41e24485cea50d1cbac27 -> 
  custom:video-decoder-webm-vp8: 9c59270c3fd7afecdb556c50c9e8de78 -> 
  custom:audio-decoder-ogg-vorbis: bf7c407c2cedff20999df2af8eb42d56 -> 
========================================================================
Received Prepare
Registering precompiled user dll's ...
Registered in 0.004269 seconds.
Begin MonoManager ReloadAssembly
Symbol file LoadedFromMemory doesn't match image D:\unity_project\My_game\Library\PackageCache\com.unity.visualscripting@1.7.8\Editor\VisualScripting.Core\Dependencies\YamlDotNet\Unity.VisualScripting.YamlDotNet.dll
Symbol file LoadedFromMemory doesn't match image D:\unity_project\My_game\Library\PackageCache\com.unity.visualscripting@1.7.8\Editor\VisualScripting.Core\Dependencies\DotNetZip\Unity.VisualScripting.IonicZip.dll
Native extension for WindowsStandalone target not found
Refreshing native plugins compatible for Editor in 0.85 ms, found 4 plugins.
Preloading 0 native plugins for Editor in 0.00 ms.
Mono: successfully reloaded assembly
- Completed reload, in  0.919 seconds
Domain Reload Profiling:
	ReloadAssembly (919ms)
		BeginReloadAssembly (119ms)
			ExecutionOrderSort (0ms)
			DisableScriptedObjects (6ms)
			BackupInstance (0ms)
			ReleaseScriptingObjects (0ms)
			CreateAndSetChildDomain (34ms)
		EndReloadAssembly (706ms)
			LoadAssemblies (73ms)
			RebuildTransferFunctionScriptingTraits (0ms)
			SetupTypeCache (223ms)
			ReleaseScriptCaches (2ms)
			RebuildScriptCaches (41ms)
			SetupLoadedEditorAssemblies (326ms)
				LogAssemblyErrors (0ms)
				InitializePlatformSupportModulesInManaged (13ms)
				SetLoadedEditorAssemblies (0ms)
				RefreshPlugins (1ms)
				BeforeProcessingInitializeOnLoad (70ms)
				ProcessInitializeOnLoadAttributes (195ms)
				ProcessInitializeOnLoadMethodAttributes (39ms)
				AfterProcessingInitializeOnLoad (8ms)
				EditorAssembliesLoaded (0ms)
			ExecutionOrderSort2 (0ms)
			AwakeInstancesAfterBackupRestoration (8ms)
Platform modules already initialized, skipping
Refreshing native plugins compatible for Editor in 2.09 ms, found 4 plugins.
Preloading 0 native plugins for Editor in 0.00 ms.
Unloading 4040 Unused Serialized files (Serialized files now loaded: 0)
Unloading 31 unused Assets / (195.5 KB). Loaded Objects now: 4548.
Memory consumption went from 159.3 MB to 159.1 MB.
Total: 3.483500 ms (FindLiveObjects: 0.470000 ms CreateObjectMapping: 0.122200 ms MarkObjects: 2.725400 ms  DeleteObjects: 0.165100 ms)

AssetImportParameters requested are different than current active one (requested -> active):
  custom:video-decoder-ogg-theora: a1e56fd34408186e4bbccfd4996cb3dc -> 
  custom:container-muxer-webm: aa71ff27fc2769a1b78a27578f13a17b -> 
  custom:container-demuxer-webm: 4f35f7cbe854078d1ac9338744f61a02 -> 
  custom:video-encoder-webm-vp8: eb34c28f22e8b96e1ab97ce403110664 -> 
  custom:audio-encoder-webm-vorbis: bf7c407c2cedff20999df2af8eb42d56 -> 
  custom:framework-win-MediaFoundation: 216162199b28c13a410421893ffa2e32 -> 
  custom:container-demuxer-ogg: 62fdf1f143b41e24485cea50d1cbac27 -> 
  custom:video-decoder-webm-vp8: 9c59270c3fd7afecdb556c50c9e8de78 -> 
  custom:audio-decoder-ogg-vorbis: bf7c407c2cedff20999df2af8eb42d56 -> 
========================================================================
Received Prepare
Registering precompiled user dll's ...
Registered in 0.004268 seconds.
Begin MonoManager ReloadAssembly
Symbol file LoadedFromMemory doesn't match image D:\unity_project\My_game\Library\PackageCache\com.unity.visualscripting@1.7.8\Editor\VisualScripting.Core\Dependencies\YamlDotNet\Unity.VisualScripting.YamlDotNet.dll
Symbol file LoadedFromMemory doesn't match image D:\unity_project\My_game\Library\PackageCache\com.unity.visualscripting@1.7.8\Editor\VisualScripting.Core\Dependencies\DotNetZip\Unity.VisualScripting.IonicZip.dll
Native extension for WindowsStandalone target not found
Refreshing native plugins compatible for Editor in 0.86 ms, found 4 plugins.
Preloading 0 native plugins for Editor in 0.00 ms.
Mono: successfully reloaded assembly
- Completed reload, in  0.918 seconds
Domain Reload Profiling:
	ReloadAssembly (919ms)
		BeginReloadAssembly (116ms)
			ExecutionOrderSort (0ms)
			DisableScriptedObjects (6ms)
			BackupInstance (0ms)
			ReleaseScriptingObjects (0ms)
			CreateAndSetChildDomain (32ms)
		EndReloadAssembly (705ms)
			LoadAssemblies (74ms)
			RebuildTransferFunctionScriptingTraits (0ms)
			SetupTypeCache (219ms)
			ReleaseScriptCaches (2ms)
			RebuildScriptCaches (43ms)
			SetupLoadedEditorAssemblies (322ms)
				LogAssemblyErrors (0ms)
				InitializePlatformSupportModulesInManaged (12ms)
				SetLoadedEditorAssemblies (0ms)
				RefreshPlugins (1ms)
				BeforeProcessingInitializeOnLoad (69ms)
				ProcessInitializeOnLoadAttributes (193ms)
				ProcessInitializeOnLoadMethodAttributes (38ms)
				AfterProcessingInitializeOnLoad (8ms)
				EditorAssembliesLoaded (0ms)
			ExecutionOrderSort2 (0ms)
			AwakeInstancesAfterBackupRestoration (9ms)
Platform modules already initialized, skipping
Refreshing native plugins compatible for Editor in 2.10 ms, found 4 plugins.
Preloading 0 native plugins for Editor in 0.00 ms.
Unloading 4040 Unused Serialized files (Serialized files now loaded: 0)
Unloading 31 unused Assets / (195.4 KB). Loaded Objects now: 4551.
Memory consumption went from 159.3 MB to 159.1 MB.
Total: 3.236100 ms (FindLiveObjects: 0.344600 ms CreateObjectMapping: 0.097100 ms MarkObjects: 2.630800 ms  DeleteObjects: 0.162800 ms)

AssetImportParameters requested are different than current active one (requested -> active):
  custom:video-decoder-ogg-theora: a1e56fd34408186e4bbccfd4996cb3dc -> 
  custom:container-muxer-webm: aa71ff27fc2769a1b78a27578f13a17b -> 
  custom:container-demuxer-webm: 4f35f7cbe854078d1ac9338744f61a02 -> 
  custom:video-encoder-webm-vp8: eb34c28f22e8b96e1ab97ce403110664 -> 
  custom:audio-encoder-webm-vorbis: bf7c407c2cedff20999df2af8eb42d56 -> 
  custom:framework-win-MediaFoundation: 216162199b28c13a410421893ffa2e32 -> 
  custom:container-demuxer-ogg: 62fdf1f143b41e24485cea50d1cbac27 -> 
  custom:video-decoder-webm-vp8: 9c59270c3fd7afecdb556c50c9e8de78 -> 
  custom:audio-decoder-ogg-vorbis: bf7c407c2cedff20999df2af8eb42d56 -> 
========================================================================
Received Prepare
Registering precompiled user dll's ...
Registered in 0.004118 seconds.
Begin MonoManager ReloadAssembly
Symbol file LoadedFromMemory doesn't match image D:\unity_project\My_game\Library\PackageCache\com.unity.visualscripting@1.7.8\Editor\VisualScripting.Core\Dependencies\YamlDotNet\Unity.VisualScripting.YamlDotNet.dll
Symbol file LoadedFromMemory doesn't match image D:\unity_project\My_game\Library\PackageCache\com.unity.visualscripting@1.7.8\Editor\VisualScripting.Core\Dependencies\DotNetZip\Unity.VisualScripting.IonicZip.dll
Native extension for WindowsStandalone target not found
Refreshing native plugins compatible for Editor in 0.96 ms, found 4 plugins.
Preloading 0 native plugins for Editor in 0.00 ms.
Mono: successfully reloaded assembly
- Completed reload, in  0.961 seconds
Domain Reload Profiling:
	ReloadAssembly (961ms)
		BeginReloadAssembly (120ms)
			ExecutionOrderSort (0ms)
			DisableScriptedObjects (7ms)
			BackupInstance (0ms)
			ReleaseScriptingObjects (0ms)
			CreateAndSetChildDomain (34ms)
		EndReloadAssembly (740ms)
			LoadAssemblies (76ms)
			RebuildTransferFunctionScriptingTraits (0ms)
			SetupTypeCache (240ms)
			ReleaseScriptCaches (2ms)
			RebuildScriptCaches (43ms)
			SetupLoadedEditorAssemblies (337ms)
				LogAssemblyErrors (0ms)
				InitializePlatformSupportModulesInManaged (13ms)
				SetLoadedEditorAssemblies (0ms)
				RefreshPlugins (1ms)
				BeforeProcessingInitializeOnLoad (71ms)
				ProcessInitializeOnLoadAttributes (203ms)
				ProcessInitializeOnLoadMethodAttributes (40ms)
				AfterProcessingInitializeOnLoad (8ms)
				EditorAssembliesLoaded (0ms)
			ExecutionOrderSort2 (0ms)
			AwakeInstancesAfterBackupRestoration (8ms)
Platform modules already initialized, skipping
Refreshing native plugins compatible for Editor in 2.08 ms, found 4 plugins.
Preloading 0 native plugins for Editor in 0.00 ms.
Unloading 4040 Unused Serialized files (Serialized files now loaded: 0)
Unloading 31 unused Assets / (195.5 KB). Loaded Objects now: 4554.
Memory consumption went from 159.3 MB to 159.1 MB.
Total: 3.830300 ms (FindLiveObjects: 0.347500 ms CreateObjectMapping: 0.099700 ms MarkObjects: 3.213000 ms  DeleteObjects: 0.168700 ms)

AssetImportParameters requested are different than current active one (requested -> active):
  custom:video-decoder-ogg-theora: a1e56fd34408186e4bbccfd4996cb3dc -> 
  custom:container-muxer-webm: aa71ff27fc2769a1b78a27578f13a17b -> 
  custom:container-demuxer-webm: 4f35f7cbe854078d1ac9338744f61a02 -> 
  custom:video-encoder-webm-vp8: eb34c28f22e8b96e1ab97ce403110664 -> 
  custom:audio-encoder-webm-vorbis: bf7c407c2cedff20999df2af8eb42d56 -> 
  custom:framework-win-MediaFoundation: 216162199b28c13a410421893ffa2e32 -> 
  custom:container-demuxer-ogg: 62fdf1f143b41e24485cea50d1cbac27 -> 
  custom:video-decoder-webm-vp8: 9c59270c3fd7afecdb556c50c9e8de78 -> 
  custom:audio-decoder-ogg-vorbis: bf7c407c2cedff20999df2af8eb42d56 -> 
========================================================================
Received Prepare
Registering precompiled user dll's ...
Registered in 0.004312 seconds.
Begin MonoManager ReloadAssembly
Symbol file LoadedFromMemory doesn't match image D:\unity_project\My_game\Library\PackageCache\com.unity.visualscripting@1.7.8\Editor\VisualScripting.Core\Dependencies\YamlDotNet\Unity.VisualScripting.YamlDotNet.dll
Symbol file LoadedFromMemory doesn't match image D:\unity_project\My_game\Library\PackageCache\com.unity.visualscripting@1.7.8\Editor\VisualScripting.Core\Dependencies\DotNetZip\Unity.VisualScripting.IonicZip.dll
Native extension for WindowsStandalone target not found
Refreshing native plugins compatible for Editor in 0.93 ms, found 4 plugins.
Preloading 0 native plugins for Editor in 0.00 ms.
Mono: successfully reloaded assembly
- Completed reload, in  0.962 seconds
Domain Reload Profiling:
	ReloadAssembly (963ms)
		BeginReloadAssembly (121ms)
			ExecutionOrderSort (0ms)
			DisableScriptedObjects (6ms)
			BackupInstance (0ms)
			ReleaseScriptingObjects (0ms)
			CreateAndSetChildDomain (34ms)
		EndReloadAssembly (740ms)
			LoadAssemblies (77ms)
			RebuildTransferFunctionScriptingTraits (0ms)
			SetupTypeCache (230ms)
			ReleaseScriptCaches (2ms)
			RebuildScriptCaches (49ms)
			SetupLoadedEditorAssemblies (340ms)
				LogAssemblyErrors (0ms)
				InitializePlatformSupportModulesInManaged (12ms)
				SetLoadedEditorAssemblies (0ms)
				RefreshPlugins (1ms)
				BeforeProcessingInitializeOnLoad (76ms)
				ProcessInitializeOnLoadAttributes (202ms)
				ProcessInitializeOnLoadMethodAttributes (36ms)
				AfterProcessingInitializeOnLoad (12ms)
				EditorAssembliesLoaded (0ms)
			ExecutionOrderSort2 (0ms)
			AwakeInstancesAfterBackupRestoration (8ms)
Platform modules already initialized, skipping
Refreshing native plugins compatible for Editor in 2.08 ms, found 4 plugins.
Preloading 0 native plugins for Editor in 0.00 ms.
Unloading 4040 Unused Serialized files (Serialized files now loaded: 0)
Unloading 31 unused Assets / (195.4 KB). Loaded Objects now: 4557.
Memory consumption went from 159.3 MB to 159.1 MB.
Total: 3.353100 ms (FindLiveObjects: 0.343500 ms CreateObjectMapping: 0.098100 ms MarkObjects: 2.717000 ms  DeleteObjects: 0.193600 ms)

AssetImportParameters requested are different than current active one (requested -> active):
  custom:video-decoder-ogg-theora: a1e56fd34408186e4bbccfd4996cb3dc -> 
  custom:container-muxer-webm: aa71ff27fc2769a1b78a27578f13a17b -> 
  custom:container-demuxer-webm: 4f35f7cbe854078d1ac9338744f61a02 -> 
  custom:video-encoder-webm-vp8: eb34c28f22e8b96e1ab97ce403110664 -> 
  custom:audio-encoder-webm-vorbis: bf7c407c2cedff20999df2af8eb42d56 -> 
  custom:framework-win-MediaFoundation: 216162199b28c13a410421893ffa2e32 -> 
  custom:container-demuxer-ogg: 62fdf1f143b41e24485cea50d1cbac27 -> 
  custom:video-decoder-webm-vp8: 9c59270c3fd7afecdb556c50c9e8de78 -> 
  custom:audio-decoder-ogg-vorbis: bf7c407c2cedff20999df2af8eb42d56 -> 
========================================================================
Received Prepare
Registering precompiled user dll's ...
Registered in 0.004364 seconds.
Begin MonoManager ReloadAssembly
Symbol file LoadedFromMemory doesn't match image D:\unity_project\My_game\Library\PackageCache\com.unity.visualscripting@1.7.8\Editor\VisualScripting.Core\Dependencies\YamlDotNet\Unity.VisualScripting.YamlDotNet.dll
Symbol file LoadedFromMemory doesn't match image D:\unity_project\My_game\Library\PackageCache\com.unity.visualscripting@1.7.8\Editor\VisualScripting.Core\Dependencies\DotNetZip\Unity.VisualScripting.IonicZip.dll
Native extension for WindowsStandalone target not found
Refreshing native plugins compatible for Editor in 1.03 ms, found 4 plugins.
Preloading 0 native plugins for Editor in 0.00 ms.
Mono: successfully reloaded assembly
- Completed reload, in  0.978 seconds
Domain Reload Profiling:
	ReloadAssembly (979ms)
		BeginReloadAssembly (122ms)
			ExecutionOrderSort (0ms)
			DisableScriptedObjects (6ms)
			BackupInstance (0ms)
			ReleaseScriptingObjects (0ms)
			CreateAndSetChildDomain (34ms)
		EndReloadAssembly (760ms)
			LoadAssemblies (80ms)
			RebuildTransferFunctionScriptingTraits (0ms)
			SetupTypeCache (240ms)
			ReleaseScriptCaches (2ms)
			RebuildScriptCaches (46ms)
			SetupLoadedEditorAssemblies (344ms)
				LogAssemblyErrors (0ms)
				InitializePlatformSupportModulesInManaged (14ms)
				SetLoadedEditorAssemblies (0ms)
				RefreshPlugins (1ms)
				BeforeProcessingInitializeOnLoad (76ms)
				ProcessInitializeOnLoadAttributes (202ms)
				ProcessInitializeOnLoadMethodAttributes (40ms)
				AfterProcessingInitializeOnLoad (10ms)
				EditorAssembliesLoaded (0ms)
			ExecutionOrderSort2 (0ms)
			AwakeInstancesAfterBackupRestoration (9ms)
Platform modules already initialized, skipping
Refreshing native plugins compatible for Editor in 2.27 ms, found 4 plugins.
Preloading 0 native plugins for Editor in 0.00 ms.
Unloading 4040 Unused Serialized files (Serialized files now loaded: 0)
Unloading 31 unused Assets / (195.3 KB). Loaded Objects now: 4560.
Memory consumption went from 159.3 MB to 159.2 MB.
Total: 4.238800 ms (FindLiveObjects: 0.391300 ms CreateObjectMapping: 0.093900 ms MarkObjects: 3.552800 ms  DeleteObjects: 0.199700 ms)

AssetImportParameters requested are different than current active one (requested -> active):
  custom:video-decoder-ogg-theora: a1e56fd34408186e4bbccfd4996cb3dc -> 
  custom:container-muxer-webm: aa71ff27fc2769a1b78a27578f13a17b -> 
  custom:container-demuxer-webm: 4f35f7cbe854078d1ac9338744f61a02 -> 
  custom:video-encoder-webm-vp8: eb34c28f22e8b96e1ab97ce403110664 -> 
  custom:audio-encoder-webm-vorbis: bf7c407c2cedff20999df2af8eb42d56 -> 
  custom:framework-win-MediaFoundation: 216162199b28c13a410421893ffa2e32 -> 
  custom:container-demuxer-ogg: 62fdf1f143b41e24485cea50d1cbac27 -> 
  custom:video-decoder-webm-vp8: 9c59270c3fd7afecdb556c50c9e8de78 -> 
  custom:audio-decoder-ogg-vorbis: bf7c407c2cedff20999df2af8eb42d56 -> 
========================================================================
Received Prepare
Registering precompiled user dll's ...
Registered in 0.004292 seconds.
Begin MonoManager ReloadAssembly
Symbol file LoadedFromMemory doesn't match image D:\unity_project\My_game\Library\PackageCache\com.unity.visualscripting@1.7.8\Editor\VisualScripting.Core\Dependencies\YamlDotNet\Unity.VisualScripting.YamlDotNet.dll
Symbol file LoadedFromMemory doesn't match image D:\unity_project\My_game\Library\PackageCache\com.unity.visualscripting@1.7.8\Editor\VisualScripting.Core\Dependencies\DotNetZip\Unity.VisualScripting.IonicZip.dll
Native extension for WindowsStandalone target not found
Refreshing native plugins compatible for Editor in 0.96 ms, found 4 plugins.
Preloading 0 native plugins for Editor in 0.00 ms.
Mono: successfully reloaded assembly
- Completed reload, in  0.964 seconds
Domain Reload Profiling:
	ReloadAssembly (965ms)
		BeginReloadAssembly (124ms)
			ExecutionOrderSort (0ms)
			DisableScriptedObjects (7ms)
			BackupInstance (0ms)
			ReleaseScriptingObjects (0ms)
			CreateAndSetChildDomain (33ms)
		EndReloadAssembly (743ms)
			LoadAssemblies (80ms)
			RebuildTransferFunctionScriptingTraits (0ms)
			SetupTypeCache (234ms)
			ReleaseScriptCaches (2ms)
			RebuildScriptCaches (46ms)
			SetupLoadedEditorAssemblies (338ms)
				LogAssemblyErrors (0ms)
				InitializePlatformSupportModulesInManaged (14ms)
				SetLoadedEditorAssemblies (0ms)
				RefreshPlugins (1ms)
				BeforeProcessingInitializeOnLoad (73ms)
				ProcessInitializeOnLoadAttributes (202ms)
				ProcessInitializeOnLoadMethodAttributes (40ms)
				AfterProcessingInitializeOnLoad (8ms)
				EditorAssembliesLoaded (0ms)
			ExecutionOrderSort2 (0ms)
			AwakeInstancesAfterBackupRestoration (8ms)
Platform modules already initialized, skipping
Refreshing native plugins compatible for Editor in 2.05 ms, found 4 plugins.
Preloading 0 native plugins for Editor in 0.00 ms.
Unloading 4040 Unused Serialized files (Serialized files now loaded: 0)
Unloading 31 unused Assets / (196.5 KB). Loaded Objects now: 4563.
Memory consumption went from 159.4 MB to 159.2 MB.
Total: 3.216900 ms (FindLiveObjects: 0.334700 ms CreateObjectMapping: 0.091900 ms MarkObjects: 2.634000 ms  DeleteObjects: 0.155500 ms)

AssetImportParameters requested are different than current active one (requested -> active):
  custom:video-decoder-ogg-theora: a1e56fd34408186e4bbccfd4996cb3dc -> 
  custom:container-muxer-webm: aa71ff27fc2769a1b78a27578f13a17b -> 
  custom:container-demuxer-webm: 4f35f7cbe854078d1ac9338744f61a02 -> 
  custom:video-encoder-webm-vp8: eb34c28f22e8b96e1ab97ce403110664 -> 
  custom:audio-encoder-webm-vorbis: bf7c407c2cedff20999df2af8eb42d56 -> 
  custom:framework-win-MediaFoundation: 216162199b28c13a410421893ffa2e32 -> 
  custom:container-demuxer-ogg: 62fdf1f143b41e24485cea50d1cbac27 -> 
  custom:video-decoder-webm-vp8: 9c59270c3fd7afecdb556c50c9e8de78 -> 
  custom:audio-decoder-ogg-vorbis: bf7c407c2cedff20999df2af8eb42d56 -> 
